<?xml version="1.0" encoding="UTF-8"?>
<!-- Generated by org.testng.reporters.JUnitReportReporter -->
<testsuite hostname="LAPTOP-K0KFB0KG" failures="0" tests="1" name="test.LoginTest" time="8.551" errors="0" timestamp="2023-07-24T21:41:53 CDT" skipped="0">
  <testcase classname="test.LoginTest" name="validUserShouldBeAbleToLogin" time="8.551"/>
</testsuite> <!-- test.LoginTest -->
