<?xml version="1.0" encoding="UTF-8"?>
<!-- Generated by org.testng.reporters.JUnitReportReporter -->
<testsuite hostname="LAPTOP-K0KFB0KG" failures="0" tests="1" name="test.AddCustomerTest" time="16.140" errors="0" timestamp="2023-07-24T22:22:53 CDT" skipped="0">
  <testcase classname="test.AddCustomerTest" name="userSouldBeAbleToAddCustomer" time="16.140"/>
</testsuite> <!-- test.AddCustomerTest -->
